<?xml version="1.0" encoding="UTF-8"?>
<!-- Generated by org.testng.reporters.JUnitReportReporter -->
<testsuite skipped="0" hostname="DESKTOP-28S558R" name="com.training.sanity.tests.RTTC_067_productpage" tests="5" failures="0" timestamp="13 Aug 2019 11:22:09 GMT" time="27.249" errors="0">
  <testcase name="login" time="2.897" classname="com.training.sanity.tests.RTTC_067_productpage"/>
  <testcase name="productdetails" time="7.517" classname="com.training.sanity.tests.RTTC_067_productpage"/>
  <testcase name="productdetails" time="4.944" classname="com.training.sanity.tests.RTTC_067_productpage"/>
  <testcase name="productdetails" time="6.886" classname="com.training.sanity.tests.RTTC_067_productpage"/>
  <testcase name="productdetails" time="5.005" classname="com.training.sanity.tests.RTTC_067_productpage"/>
</testsuite> <!-- com.training.sanity.tests.RTTC_067_productpage -->
