<?xml version="1.0" encoding="UTF-8"?>
<!-- Generated by org.testng.reporters.JUnitReportReporter -->
<testsuite skipped="0" hostname="DESKTOP-28S558R" name="com.training.sanity.tests.RTTC_038_AddCategory" tests="2" failures="0" timestamp="06 Aug 2019 04:25:17 GMT" time="13.134" errors="0">
  <testcase name="login" time="7.763" classname="com.training.sanity.tests.RTTC_038_AddCategory"/>
  <testcase name="addcategoryfunc" time="5.371" classname="com.training.sanity.tests.RTTC_038_AddCategory"/>
</testsuite> <!-- com.training.sanity.tests.RTTC_038_AddCategory -->
