<?xml version="1.0" encoding="UTF-8"?>
<!-- Generated by org.testng.reporters.JUnitReportReporter -->
<testsuite skipped="0" hostname="DESKTOP-28S558R" name="com.training.sanity.tests.Productpurchasedetail_RTTC_026" tests="2" failures="0" timestamp="31 Jul 2019 10:42:14 GMT" time="12.332" errors="0">
  <testcase name="login" time="10.085" classname="com.training.sanity.tests.Productpurchasedetail_RTTC_026"/>
  <testcase name="selectproductfrom_report" time="2.247" classname="com.training.sanity.tests.Productpurchasedetail_RTTC_026"/>
</testsuite> <!-- com.training.sanity.tests.Productpurchasedetail_RTTC_026 -->
