<?xml version="1.0" encoding="UTF-8"?>
<!-- Generated by org.testng.reporters.JUnitReportReporter -->
<testsuite skipped="0" hostname="DESKTOP-28S558R" name="com.training.sanity.tests.RTTC_040_deletecategory" tests="2" failures="0" timestamp="08 Aug 2019 07:21:05 GMT" time="4.447" errors="0">
  <testcase name="login" time="2.294" classname="com.training.sanity.tests.RTTC_040_deletecategory"/>
  <testcase name="deletecategoryfunc" time="2.153" classname="com.training.sanity.tests.RTTC_040_deletecategory"/>
</testsuite> <!-- com.training.sanity.tests.RTTC_040_deletecategory -->
