<?xml version="1.0" encoding="UTF-8"?>
<!-- Generated by org.testng.reporters.JUnitReportReporter -->
<testsuite skipped="0" hostname="DESKTOP-28S558R" name="com.training.sanity.tests.Changepassword_match_RTTC_007" tests="2" failures="0" timestamp="30 Jul 2019 12:24:58 GMT" time="12.173" errors="0">
  <testcase name="LoginTest" time="6.735" classname="com.training.sanity.tests.Changepassword_match_RTTC_007"/>
  <testcase name="changepassowrd_match" time="5.438" classname="com.training.sanity.tests.Changepassword_match_RTTC_007"/>
</testsuite> <!-- com.training.sanity.tests.Changepassword_match_RTTC_007 -->
