<?xml version="1.0" encoding="UTF-8"?>
<!-- Generated by org.testng.reporters.JUnitReportReporter -->
<testsuite skipped="0" hostname="DESKTOP-28S558R" name="com.training.sanity.tests.Adminlogin" tests="1" failures="0" timestamp="02 Aug 2019 07:40:02 GMT" time="2.574" errors="0">
  <testcase name="login" time="2.574" classname="com.training.sanity.tests.Adminlogin"/>
</testsuite> <!-- com.training.sanity.tests.Adminlogin -->
