<?xml version="1.0" encoding="UTF-8"?>
<!-- Generated by org.testng.reporters.JUnitReportReporter -->
<testsuite skipped="0" hostname="DESKTOP-28S558R" name="com.training.sanity.tests.RTTC_039_Editcategory" tests="2" failures="0" timestamp="06 Aug 2019 05:06:00 GMT" time="14.881" errors="0">
  <testcase name="login" time="3.232" classname="com.training.sanity.tests.RTTC_039_Editcategory"/>
  <testcase name="addcategoryfunc" time="11.649" classname="com.training.sanity.tests.RTTC_039_Editcategory"/>
</testsuite> <!-- com.training.sanity.tests.RTTC_039_Editcategory -->
