<?xml version="1.0" encoding="UTF-8"?>
<!-- Generated by org.testng.reporters.JUnitReportReporter -->
<testsuite skipped="0" hostname="DESKTOP-28S558R" name="com.training.sanity.tests.LoginTests" tests="1" failures="0" timestamp="29 Jul 2019 06:16:29 GMT" time="6.352" errors="0">
  <testcase name="LoginTest" time="6.352" classname="com.training.sanity.tests.LoginTests"/>
</testsuite> <!-- com.training.sanity.tests.LoginTests -->
