<?xml version="1.0" encoding="UTF-8"?>
<!-- Generated by org.testng.reporters.JUnitReportReporter -->
<testsuite skipped="0" hostname="DESKTOP-28S558R" name="com.training.sanity.tests.RTTC_037_adminlogin_verify" tests="1" failures="0" timestamp="01 Aug 2019 04:44:16 GMT" time="1.629" errors="0">
  <testcase name="login" time="1.629" classname="com.training.sanity.tests.RTTC_037_adminlogin_verify"/>
</testsuite> <!-- com.training.sanity.tests.RTTC_037_adminlogin_verify -->
